::1 - - [17/Sep/2025 16:41:25] "GET / HTTP/1.1" 200 -
::1 - - [17/Sep/2025 16:41:27] "GET /login.html HTTP/1.1" 200 -
::1 - - [17/Sep/2025 16:41:39] "GET /dashboard.html HTTP/1.1" 200 -
::1 - - [17/Sep/2025 16:41:41] "GET /login.html HTTP/1.1" 304 -
::1 - - [17/Sep/2025 16:41:55] "GET /dashboard.html HTTP/1.1" 304 -
::1 - - [17/Sep/2025 16:42:08] "GET /login.html HTTP/1.1" 304 -
::1 - - [17/Sep/2025 16:42:43] "GET /dashboard.html HTTP/1.1" 304 -
::1 - - [17/Sep/2025 16:42:48] "GET /login.html HTTP/1.1" 304 -
::1 - - [17/Sep/2025 16:45:43] "GET /login.html HTTP/1.1" 200 -
::1 - - [17/Sep/2025 16:46:14] "GET /login.html HTTP/1.1" 200 -
::1 - - [17/Sep/2025 16:46:41] "GET /dashboard.html HTTP/1.1" 304 -
::1 - - [17/Sep/2025 16:47:19] "GET /dashboard.html HTTP/1.1" 200 -
::1 - - [17/Sep/2025 16:47:21] "GET /login.html HTTP/1.1" 200 -
::1 - - [17/Sep/2025 16:50:46] "GET /dashboard.html HTTP/1.1" 200 -
::1 - - [17/Sep/2025 16:54:12] "GET /dashboard.html HTTP/1.1" 200 -
::1 - - [17/Sep/2025 16:54:22] "GET /dashboard.html HTTP/1.1" 200 -
::1 - - [17/Sep/2025 16:55:20] "GET /dashboard.html HTTP/1.1" 200 -
::1 - - [17/Sep/2025 16:55:49] "GET /dashboard.html HTTP/1.1" 200 -
::1 - - [17/Sep/2025 16:56:43] "GET /dashboard.html HTTP/1.1" 200 -
::1 - - [17/Sep/2025 16:56:44] "GET /login.html HTTP/1.1" 200 -
::1 - - [17/Sep/2025 16:56:44] code 404, message File not found
::1 - - [17/Sep/2025 16:56:44] "GET /favicon.ico HTTP/1.1" 404 -
::1 - - [17/Sep/2025 16:57:17] "GET /dashboard.html HTTP/1.1" 304 -
::1 - - [17/Sep/2025 16:58:57] "GET /dashboard.html HTTP/1.1" 200 -
::1 - - [17/Sep/2025 16:59:46] "GET /dashboard.html HTTP/1.1" 200 -
::1 - - [17/Sep/2025 17:03:37] "GET /dashboard.html HTTP/1.1" 200 -
::1 - - [17/Sep/2025 17:03:37] "GET /login.html HTTP/1.1" 304 -
::1 - - [17/Sep/2025 17:03:43] "GET /dashboard.html HTTP/1.1" 200 -
::1 - - [17/Sep/2025 17:03:44] "GET /dashboard.html HTTP/1.1" 200 -
::1 - - [17/Sep/2025 17:03:56] "GET /dashboard.html HTTP/1.1" 200 -
::1 - - [17/Sep/2025 17:04:06] "GET /dashboard.html HTTP/1.1" 200 -
::1 - - [17/Sep/2025 17:04:07] "GET /dashboard.html HTTP/1.1" 200 -
::1 - - [17/Sep/2025 17:05:14] "GET /dashboard.html HTTP/1.1" 200 -
::1 - - [17/Sep/2025 17:05:25] "GET /dashboard.html HTTP/1.1" 200 -
::1 - - [17/Sep/2025 17:05:31] "GET /dashboard.html HTTP/1.1" 200 -
::1 - - [17/Sep/2025 17:05:40] "GET / HTTP/1.1" 304 -
::1 - - [17/Sep/2025 17:05:41] "GET /dashboard.html HTTP/1.1" 304 -
::1 - - [17/Sep/2025 17:08:30] "GET /dashboard.html HTTP/1.1" 200 -
::1 - - [17/Sep/2025 17:08:39] "GET /dashboard.html HTTP/1.1" 200 -
::1 - - [17/Sep/2025 17:08:46] "GET /dashboard.html HTTP/1.1" 200 -
::1 - - [17/Sep/2025 17:08:51] "GET /login.html HTTP/1.1" 304 -
::1 - - [17/Sep/2025 17:08:59] "GET /login.html HTTP/1.1" 304 -
::1 - - [17/Sep/2025 17:09:06] "GET /dashboard.html HTTP/1.1" 304 -
::1 - - [17/Sep/2025 17:12:37] "GET /dashboard.html HTTP/1.1" 200 -
::1 - - [17/Sep/2025 17:12:38] "GET /dashboard.html HTTP/1.1" 200 -
::1 - - [17/Sep/2025 17:12:44] "GET /dashboard.html HTTP/1.1" 200 -
